<?xml version="1.0" encoding="UTF-8"?>
<robot generator="Robot 3.2.2 (Python 3.9.0 on win32)" generated="20201103 16:13:19.078" rpa="false">
<suite id="s1" name="Login" source="C:\robot-test\login.robot">
<test id="s1-t1" name="LoginTest">
<kw name="Open Browser" library="Selenium2Library">
<doc>Opens a new browser instance to the optional ``url``.</doc>
<arguments>
<arg>${url}</arg>
<arg>${browser}</arg>
</arguments>
<msg timestamp="20201103 16:13:19.245" level="INFO">Opening browser 'chrome' to base url 'http://demo.t3-framework.org/joomla30/index.php/en/joomla-pages/sample-page-2/login-page'.</msg>
<status status="PASS" starttime="20201103 16:13:19.245" endtime="20201103 16:13:25.059"></status>
</kw>
<kw name="Set Browser Implicit Wait" library="Selenium2Library">
<doc>Sets the implicit wait value used by Selenium.</doc>
<arguments>
<arg>2</arg>
</arguments>
<status status="PASS" starttime="20201103 16:13:25.060" endtime="20201103 16:13:25.062"></status>
</kw>
<kw name="Input Text" library="Selenium2Library">
<doc>Types the given ``text`` into the text field identified by ``locator``.</doc>
<arguments>
<arg>id= username</arg>
<arg>${username}</arg>
</arguments>
<msg timestamp="20201103 16:13:25.063" level="INFO">Typing text 'demo' into text field 'id= username'.</msg>
<status status="PASS" starttime="20201103 16:13:25.062" endtime="20201103 16:13:25.178"></status>
</kw>
<kw name="Input Password" library="Selenium2Library">
<doc>Types the given password into the text field identified by ``locator``.</doc>
<arguments>
<arg>id=password</arg>
<arg>${password}</arg>
</arguments>
<msg timestamp="20201103 16:13:25.179" level="INFO">Typing password into text field 'id=password'.</msg>
<msg timestamp="20201103 16:13:25.234" level="INFO">Temporally setting log level to: NONE</msg>
<msg timestamp="20201103 16:13:25.285" level="INFO">Log level changed from NONE to INFO.</msg>
<status status="PASS" starttime="20201103 16:13:25.179" endtime="20201103 16:13:25.285"></status>
</kw>
<kw name="Select Checkbox" library="Selenium2Library">
<doc>Selects the checkbox identified by ``locator``.</doc>
<arguments>
<arg>id=remember</arg>
</arguments>
<msg timestamp="20201103 16:13:25.286" level="INFO">Selecting checkbox 'id=remember'.</msg>
<status status="PASS" starttime="20201103 16:13:25.286" endtime="20201103 16:13:25.363"></status>
</kw>
<kw name="Click Element" library="Selenium2Library">
<doc>Click the element identified by ``locator``.</doc>
<arguments>
<arg>xpath=//*[@class="login"]/form/fieldset/div[4]/div/button</arg>
</arguments>
<msg timestamp="20201103 16:13:25.364" level="INFO">Clicking element 'xpath=//*[@class="login"]/form/fieldset/div[4]/div/button'.</msg>
<status status="PASS" starttime="20201103 16:13:25.364" endtime="20201103 16:13:26.386"></status>
</kw>
<kw name="Log" library="BuiltIn">
<doc>Logs the given message with the given level.</doc>
<arguments>
<arg>Test completed</arg>
</arguments>
<msg timestamp="20201103 16:13:26.387" level="INFO">Test completed</msg>
<status status="PASS" starttime="20201103 16:13:26.386" endtime="20201103 16:13:26.387"></status>
</kw>
<status status="PASS" starttime="20201103 16:13:19.244" endtime="20201103 16:13:26.387" critical="yes"></status>
</test>
<status status="PASS" starttime="20201103 16:13:19.079" endtime="20201103 16:13:26.388"></status>
</suite>
<statistics>
<total>
<stat pass="1" fail="0">Critical Tests</stat>
<stat pass="1" fail="0">All Tests</stat>
</total>
<tag>
</tag>
<suite>
<stat pass="1" fail="0" id="s1" name="Login">Login</stat>
</suite>
</statistics>
<errors>
</errors>
</robot>
