<?xml version="1.0" encoding="UTF-8"?>
<robot generator="Robot 3.2.2 (Python 3.9.0 on win32)" generated="20201102 15:21:47.003" rpa="false">
<suite id="s1" name="Login" source="C:\robot-demo\login.robot">
<test id="s1-t1" name="LoginTest">
<kw name="Open Browser" library="Selenium2Library">
<doc>Opens a new browser instance to the optional ``url``.</doc>
<arguments>
<arg>${url}</arg>
<arg>${browser}</arg>
</arguments>
<msg timestamp="20201102 15:21:47.220" level="INFO">Opening browser 'chrome' to base url 'http://demo.t3-framework.org/joomla30/index.php/en/joomla-pages/sample-page-2/login-page'.</msg>
<status status="PASS" starttime="20201102 15:21:47.220" endtime="20201102 15:21:53.047"></status>
</kw>
<kw name="Maximize Browser Window" library="Selenium2Library">
<doc>Maximizes current browser window.</doc>
<status status="PASS" starttime="20201102 15:21:53.048" endtime="20201102 15:21:55.199"></status>
</kw>
<kw name="Set Selenium Speed" library="Selenium2Library">
<doc>Sets the delay that is waited after each Selenium command.</doc>
<arguments>
<arg>0.1</arg>
</arguments>
<status status="PASS" starttime="20201102 15:21:55.200" endtime="20201102 15:21:55.201"></status>
</kw>
<kw name="Input Text" library="Selenium2Library">
<doc>Types the given ``text`` into the text field identified by ``locator``.</doc>
<arguments>
<arg>id= username</arg>
<arg>${username}</arg>
</arguments>
<msg timestamp="20201102 15:21:55.202" level="INFO">Typing text 'demo' into text field 'id= username'.</msg>
<status status="PASS" starttime="20201102 15:21:55.201" endtime="20201102 15:21:55.581"></status>
</kw>
<kw name="Input Password" library="Selenium2Library">
<doc>Types the given password into the text field identified by ``locator``.</doc>
<arguments>
<arg>id=password</arg>
<arg>${password}</arg>
</arguments>
<msg timestamp="20201102 15:21:55.582" level="INFO">Typing password into text field 'id=password'.</msg>
<msg timestamp="20201102 15:21:55.819" level="INFO">Temporally setting log level to: NONE</msg>
<msg timestamp="20201102 15:21:55.969" level="INFO">Log level changed from NONE to INFO.</msg>
<status status="PASS" starttime="20201102 15:21:55.581" endtime="20201102 15:21:55.969"></status>
</kw>
<kw name="Select Checkbox" library="Selenium2Library">
<doc>Selects the checkbox identified by ``locator``.</doc>
<arguments>
<arg>id=remember</arg>
</arguments>
<msg timestamp="20201102 15:21:55.970" level="INFO">Selecting checkbox 'id=remember'.</msg>
<status status="PASS" starttime="20201102 15:21:55.969" endtime="20201102 15:21:56.540"></status>
</kw>
<kw name="Submit Form" library="Selenium2Library">
<doc>Submits a form identified by ``locator``.</doc>
<msg timestamp="20201102 15:21:56.541" level="INFO">Submitting form 'None'.</msg>
<status status="PASS" starttime="20201102 15:21:56.540" endtime="20201102 15:21:58.941"></status>
</kw>
<kw name="Log" library="BuiltIn">
<doc>Logs the given message with the given level.</doc>
<arguments>
<arg>Test completed</arg>
</arguments>
<msg timestamp="20201102 15:21:58.942" level="INFO">Test completed</msg>
<status status="PASS" starttime="20201102 15:21:58.941" endtime="20201102 15:21:58.942"></status>
</kw>
<doc>For login test</doc>
<status status="PASS" starttime="20201102 15:21:47.219" endtime="20201102 15:21:58.942" critical="yes"></status>
</test>
<status status="PASS" starttime="20201102 15:21:47.003" endtime="20201102 15:21:58.944"></status>
</suite>
<statistics>
<total>
<stat pass="1" fail="0">Critical Tests</stat>
<stat pass="1" fail="0">All Tests</stat>
</total>
<tag>
</tag>
<suite>
<stat pass="1" fail="0" id="s1" name="Login">Login</stat>
</suite>
</statistics>
<errors>
</errors>
</robot>
